#
# A fatal error has been detected by the Java Runtime Environment:
#
#  EXCEPTION_ACCESS_VIOLATION (0xc0000005) at pc=0x00000000666d667f, pid=15040, tid=0x00000000000042ec
#
# JRE version: Java(TM) SE Runtime Environment (8.0_111-b14) (build 1.8.0_111-b14)
# Java VM: Java HotSpot(TM) 64-Bit Server VM (25.111-b14 mixed mode windows-amd64 compressed oops)
# Problematic frame:
# V  [jvm.dll+0xf667f]
#
# Failed to write core dump. Minidumps are not enabled by default on client versions of Windows
#
# If you would like to submit a bug report, please visit:
#   http://bugreport.java.com/bugreport/crash.jsp
#

---------------  T H R E A D  ---------------

Current thread (0x0000000017b67800):  VMThread [stack: 0x0000000018bf0000,0x0000000018cf0000] [id=17132]

siginfo: ExceptionCode=0xc0000005, reading address 0x00000000177b6850

Registers:
RAX=0x0000000000194660, RBX=0x0000000000000000, RCX=0x00000000176221e0, RDX=0x000000000000ca33
RSP=0x0000000018ceeed8, RBP=0x0000000018cef450, RSI=0x0000000018cef5e0, RDI=0x0000000018cef5e0
R8 =0x0000000000000000, R9 =0x00000000176218b0, R10=0x0000000000000007, R11=0x0000000017621619
R12=0x0000000017a75598, R13=0x0000000018cef410, R14=0x00000000000003d8, R15=0x0000000018cef400
RIP=0x00000000666d667f, EFLAGS=0x0000000000010206

Top of Stack: (sp=0x0000000018ceeed8)
0x0000000018ceeed8:   00000000666de170 0000000000000000
0x0000000018ceeee8:   0000000000000000 0000000018cef5e0
0x0000000018ceeef8:   0000000a00000002 0000000000000000
0x0000000018ceef08:   0000000000000007 0000000066be26b8
0x0000000018ceef18:   0000000002f6be90 0000000000000002
0x0000000018ceef28:   000000000000000c 0000000018ceef50
0x0000000018ceef38:   0000000000000001 0000000046000096
0x0000000018ceef48:   0000000000000000 4fffffff4fffffff
0x0000000018ceef58:   0000000000000000 0000000000000000
0x0000000018ceef68:   0000000a00000002 0000000000000000
0x0000000018ceef78:   0000000000000007 0000000019c94250
0x0000000018ceef88:   0000000002f67580 0000000002f67af0
0x0000000018ceef98:   0000000000000000 0000000000000000
0x0000000018ceefa8:   0000000000000000 0000000000000000
0x0000000018ceefb8:   0000000000000000 0000000000000000
0x0000000018ceefc8:   0000000000000000 0000000000000000 

Instructions: (pc=0x00000000666d667f)
0x00000000666d665f:   74 3e 85 d2 79 13 f7 d2 48 63 c2 48 c1 e0 05 48
0x00000000666d666f:   8b 44 08 10 0f b7 c0 eb 12 48 63 c2 48 c1 e0 05
0x00000000666d667f:   48 8b 44 08 10 0f b7 d0 48 63 c2 41 0f b7 4c c1
0x00000000666d668f:   52 48 63 c1 41 0f b7 44 c1 52 49 8b 44 c1 50 c3 


Register to memory mapping:

RAX=0x0000000000194660 is an unknown value
RBX=0x0000000000000000 is an unknown value
RCX=0x00000000176221e0 is pointing into metadata
RDX=0x000000000000ca33 is an unknown value
RSP=0x0000000018ceeed8 is an unknown value
RBP=0x0000000018cef450 is an unknown value
RSI=0x0000000018cef5e0 is an unknown value
RDI=0x0000000018cef5e0 is an unknown value
R8 =0x0000000000000000 is an unknown value
R9 =0x00000000176218b0 is pointing into metadata
R10=0x0000000000000007 is an unknown value
R11=0x0000000017621619 is pointing into metadata
R12=0x0000000017a75598 is an unknown value
R13=0x0000000018cef410 is an unknown value
R14=0x00000000000003d8 is an unknown value
R15=0x0000000018cef400 is an unknown value


Stack: [0x0000000018bf0000,0x0000000018cf0000],  sp=0x0000000018ceeed8,  free space=1019k
Native frames: (J=compiled Java code, j=interpreted, Vv=VM code, C=native code)
V  [jvm.dll+0xf667f]

VM_Operation (0x00000000192ff660): GetOrSetLocal, mode: safepoint, requested by thread 0x0000000017ba7800


---------------  P R O C E S S  ---------------

Java Threads: ( => current thread )
  0x0000000019c18000 JavaThread "Service Thread" daemon [_thread_blocked, id=11884, stack(0x0000000019fc0000,0x000000001a0c0000)]
  0x0000000017bcd000 JavaThread "C1 CompilerThread2" daemon [_thread_blocked, id=13048, stack(0x0000000019ac0000,0x0000000019bc0000)]
  0x0000000017bcc000 JavaThread "C2 CompilerThread1" daemon [_thread_blocked, id=1860, stack(0x00000000199c0000,0x0000000019ac0000)]
  0x0000000017bc6800 JavaThread "C2 CompilerThread0" daemon [_thread_blocked, id=11460, stack(0x00000000198c0000,0x00000000199c0000)]
  0x0000000017bbb000 JavaThread "JDWP Command Reader" daemon [_thread_in_native, id=16444, stack(0x00000000197c0000,0x00000000198c0000)]
  0x0000000017bb8000 JavaThread "JDWP Event Helper Thread" daemon [_thread_blocked, id=1444, stack(0x00000000196c0000,0x00000000197c0000)]
  0x0000000017ba7800 JavaThread "JDWP Transport Listener: dt_socket" daemon [_thread_blocked, id=11580, stack(0x0000000019200000,0x0000000019300000)]
  0x0000000017b9e800 JavaThread "Attach Listener" daemon [_thread_blocked, id=15344, stack(0x00000000190f0000,0x00000000191f0000)]
  0x000000000301e000 JavaThread "Signal Dispatcher" daemon [_thread_blocked, id=7080, stack(0x0000000018ff0000,0x00000000190f0000)]
  0x000000000301b800 JavaThread "Finalizer" daemon [_thread_blocked, id=6048, stack(0x0000000018df0000,0x0000000018ef0000)]
  0x0000000017b69000 JavaThread "Reference Handler" daemon [_thread_blocked, id=944, stack(0x0000000018cf0000,0x0000000018df0000)]
  0x0000000002f22800 JavaThread "main" [_thread_blocked, id=15372, stack(0x0000000002e20000,0x0000000002f20000)]

Other Threads:
=>0x0000000017b67800 VMThread [stack: 0x0000000018bf0000,0x0000000018cf0000] [id=17132]
  0x0000000019c1c800 WatcherThread [stack: 0x000000001a0c0000,0x000000001a1c0000] [id=9188]

VM state:at safepoint (normal execution)

VM Mutex/Monitor currently owned by a thread:  ([mutex/lock_event])
[0x0000000002ddebe0] Threads_lock - owner thread: 0x0000000017b67800

Heap:
 PSYoungGen      total 38400K, used 2662K [0x00000000d5d80000, 0x00000000d8800000, 0x0000000100000000)
  eden space 33280K, 8% used [0x00000000d5d80000,0x00000000d6019a48,0x00000000d7e00000)
  from space 5120K, 0% used [0x00000000d8300000,0x00000000d8300000,0x00000000d8800000)
  to   space 5120K, 0% used [0x00000000d7e00000,0x00000000d7e00000,0x00000000d8300000)
 ParOldGen       total 87552K, used 0K [0x0000000081800000, 0x0000000086d80000, 0x00000000d5d80000)
  object space 87552K, 0% used [0x0000000081800000,0x0000000081800000,0x0000000086d80000)
 Metaspace       used 2948K, capacity 4664K, committed 4864K, reserved 1056768K
  class space    used 336K, capacity 424K, committed 512K, reserved 1048576K

Card table byte_map: [0x00000000123e0000,0x00000000127e0000] byte_map_base: 0x0000000011fd4000

Marking Bits: (ParMarkBitMap*) 0x0000000066dfa6c0
 Begin Bits: [0x0000000012e90000, 0x0000000014e30000)
 End Bits:   [0x0000000014e30000, 0x0000000016dd0000)

Polling page: 0x0000000002de0000

CodeCache: size=245760Kb used=1190Kb max_used=1190Kb free=244569Kb
 bounds [0x0000000003020000, 0x0000000003290000, 0x0000000012020000]
 total_blobs=299 nmethods=72 adapters=148
 compilation: enabled

Compilation events (10 events):
Event: 0.167 Thread 0x0000000017bcd000   67       1       java.security.ProtectionDomain::getCodeSource (5 bytes)
Event: 0.167 Thread 0x0000000017bcd000 nmethod 67 0x00000000031476d0 code [0x0000000003147820, 0x0000000003147930]
Event: 0.182 Thread 0x0000000017bcd000   69       3       sun.nio.cs.SingleByte$Encoder::encode (32 bytes)
Event: 0.182 Thread 0x0000000017bcd000 nmethod 69 0x0000000003147990 code [0x0000000003147b00, 0x0000000003147d10]
Event: 0.183 Thread 0x0000000017bcd000   70       3       java.lang.String::lastIndexOf (13 bytes)
Event: 0.183 Thread 0x0000000017bcd000 nmethod 70 0x0000000003147e50 code [0x0000000003147fc0, 0x00000000031481e8]
Event: 0.183 Thread 0x0000000017bcd000   71       3       java.lang.CharacterDataLatin1::toUpperCase (53 bytes)
Event: 0.183 Thread 0x0000000017bcd000 nmethod 71 0x0000000003148290 code [0x0000000003148400, 0x00000000031486f0]
Event: 0.184 Thread 0x0000000017bcd000   72       3       java.util.HashMap::getNode (148 bytes)
Event: 0.185 Thread 0x0000000017bcd000 nmethod 72 0x0000000003148850 code [0x0000000003148a20, 0x00000000031493e8]

GC Heap History (0 events):
No events

Deoptimization events (0 events):
No events

Internal exceptions (2 events):
Event: 0.024 Thread 0x0000000002f22800 Exception <a 'java/lang/NoSuchMethodError': Method sun.misc.Unsafe.defineClass(Ljava/lang/String;[BII)Ljava/lang/Class; name or signature does not match> (0x00000000d5d87c78) thrown at [C:\re\workspace\8-2-build-windows-amd64-cygwin\jdk8u111\7883\hotspot\
Event: 0.024 Thread 0x0000000002f22800 Exception <a 'java/lang/NoSuchMethodError': Method sun.misc.Unsafe.prefetchRead(Ljava/lang/Object;J)V name or signature does not match> (0x00000000d5d87f60) thrown at [C:\re\workspace\8-2-build-windows-amd64-cygwin\jdk8u111\7883\hotspot\src\share\vm\prims

Events (10 events):
Event: 149.122 Executing VM operation: ChangeBreakpoints done
Event: 149.125 Executing VM operation: EnterInterpOnlyMode
Event: 149.125 Executing VM operation: EnterInterpOnlyMode done
Event: 149.125 Executing VM operation: GetCurrentLocation
Event: 149.125 Executing VM operation: GetCurrentLocation done
Event: 149.125 Executing VM operation: ChangeSingleStep
Event: 149.125 Executing VM operation: ChangeSingleStep done
Event: 149.125 Executing VM operation: ChangeSingleStep
Event: 149.125 Executing VM operation: ChangeSingleStep done
Event: 149.233 Executing VM operation: GetOrSetLocal


Dynamic libraries:
0x00007ff6bd3b0000 - 0x00007ff6bd3e7000 	C:\Program Files\Java\jre1.8.0_111\bin\javaw.exe
0x00007ffcd44d0000 - 0x00007ffcd46a1000 	C:\Windows\SYSTEM32\ntdll.dll
0x00007ffcd23f0000 - 0x00007ffcd249c000 	C:\Windows\System32\KERNEL32.DLL
0x00007ffcd0d50000 - 0x00007ffcd0f6d000 	C:\Windows\System32\KERNELBASE.dll
0x00007ffcd1ad0000 - 0x00007ffcd1b72000 	C:\Windows\System32\ADVAPI32.dll
0x00007ffcd43c0000 - 0x00007ffcd445e000 	C:\Windows\System32\msvcrt.dll
0x00007ffcd4460000 - 0x00007ffcd44b9000 	C:\Windows\System32\sechost.dll
0x00007ffcd1f90000 - 0x00007ffcd20b1000 	C:\Windows\System32\RPCRT4.dll
0x00007ffcd24d0000 - 0x00007ffcd2635000 	C:\Windows\System32\USER32.dll
0x00007ffcd1020000 - 0x00007ffcd103e000 	C:\Windows\System32\win32u.dll
0x00007ffcd1f50000 - 0x00007ffcd1f84000 	C:\Windows\System32\GDI32.dll
0x00007ffcd1780000 - 0x00007ffcd1902000 	C:\Windows\System32\gdi32full.dll
0x00007ffcbd4a0000 - 0x00007ffcbd71a000 	C:\Windows\WinSxS\amd64_microsoft.windows.common-controls_6595b64144ccf1df_6.0.14393.953_none_42151e83c686086b\COMCTL32.dll
0x00007ffcd2120000 - 0x00007ffcd23e8000 	C:\Windows\System32\combase.dll
0x00007ffcd1910000 - 0x00007ffcd1a05000 	C:\Windows\System32\ucrtbase.dll
0x00007ffcd0a60000 - 0x00007ffcd0aca000 	C:\Windows\System32\bcryptPrimitives.dll
0x00007ffcd3df0000 - 0x00007ffcd3e1e000 	C:\Windows\System32\IMM32.DLL
0x0000000066420000 - 0x00000000664f2000 	C:\Program Files\Java\jre1.8.0_111\bin\msvcr100.dll
0x00000000665e0000 - 0x0000000066e7a000 	C:\Program Files\Java\jre1.8.0_111\bin\server\jvm.dll
0x00007ffcd44c0000 - 0x00007ffcd44c8000 	C:\Windows\System32\PSAPI.DLL
0x00007ffcb5cc0000 - 0x00007ffcb5cc9000 	C:\Windows\SYSTEM32\WSOCK32.dll
0x00007ffcced80000 - 0x00007ffcceda3000 	C:\Windows\SYSTEM32\WINMM.dll
0x00007ffcc8d60000 - 0x00007ffcc8d6a000 	C:\Windows\SYSTEM32\VERSION.dll
0x00007ffcd3e20000 - 0x00007ffcd3e8a000 	C:\Windows\System32\WS2_32.dll
0x0000000002d80000 - 0x0000000002dab000 	C:\Windows\SYSTEM32\WINMMBASE.dll
0x00007ffcd1a10000 - 0x00007ffcd1a52000 	C:\Windows\System32\cfgmgr32.dll
0x00000000665d0000 - 0x00000000665df000 	C:\Program Files\Java\jre1.8.0_111\bin\verify.dll
0x00000000665a0000 - 0x00000000665c9000 	C:\Program Files\Java\jre1.8.0_111\bin\java.dll
0x00000000663e0000 - 0x0000000066415000 	C:\Program Files\Java\jre1.8.0_111\bin\jdwp.dll
0x00000000663d0000 - 0x00000000663d8000 	C:\Program Files\Java\jre1.8.0_111\bin\npt.dll
0x0000000066580000 - 0x0000000066596000 	C:\Program Files\Java\jre1.8.0_111\bin\zip.dll
0x00007ffcd2840000 - 0x00007ffcd3d48000 	C:\Windows\System32\SHELL32.dll
0x00007ffcd1040000 - 0x00007ffcd171a000 	C:\Windows\System32\windows.storage.dll
0x00007ffcd0950000 - 0x00007ffcd099c000 	C:\Windows\System32\powrprof.dll
0x00007ffcd20c0000 - 0x00007ffcd2112000 	C:\Windows\System32\shlwapi.dll
0x00007ffcd09a0000 - 0x00007ffcd09af000 	C:\Windows\System32\kernel.appcore.dll
0x00007ffcd0ad0000 - 0x00007ffcd0b79000 	C:\Windows\System32\shcore.dll
0x00007ffcd0930000 - 0x00007ffcd0944000 	C:\Windows\System32\profapi.dll
0x00000000663c0000 - 0x00000000663c9000 	C:\Program Files\Java\jre1.8.0_111\bin\dt_socket.dll
0x00007ffcb0400000 - 0x00007ffcb0416000 	C:\Windows\system32\napinsp.dll
0x00007ffcb0420000 - 0x00007ffcb043a000 	C:\Windows\system32\pnrpnsp.dll
0x00007ffcc86a0000 - 0x00007ffcc86b8000 	C:\Windows\system32\NLAapi.dll
0x00007ffcd0200000 - 0x00007ffcd025c000 	C:\Windows\System32\mswsock.dll
0x00007ffccffc0000 - 0x00007ffcd0061000 	C:\Windows\SYSTEM32\DNSAPI.dll
0x00007ffcd24a0000 - 0x00007ffcd24a8000 	C:\Windows\System32\NSI.dll
0x00007ffccff80000 - 0x00007ffccffb8000 	C:\Windows\SYSTEM32\IPHLPAPI.DLL
0x00007ffcb0440000 - 0x00007ffcb044e000 	C:\Windows\System32\winrnr.dll
0x00007ffcb0450000 - 0x00007ffcb0465000 	C:\Windows\System32\wshbth.dll
0x0000000068d80000 - 0x0000000068da6000 	C:\Program Files\Bonjour\mdnsNSP.dll
0x00007ffcc7520000 - 0x00007ffcc758a000 	C:\Windows\System32\fwpuclnt.dll
0x00007ffcd0870000 - 0x00007ffcd089b000 	C:\Windows\SYSTEM32\bcrypt.dll
0x00007ffcc7330000 - 0x00007ffcc733a000 	C:\Windows\System32\rasadhlp.dll
0x00007ffcccfb0000 - 0x00007ffccd142000 	C:\Windows\SYSTEM32\dbghelp.dll

VM Arguments:
jvm_args: -agentlib:jdwp=transport=dt_socket,suspend=y,address=localhost:4058 -Dfile.encoding=Cp1252 
java_command: StripsLib.test
java_class_path (initial): C:\Users\Sahar Mizrahi\git\Sokoban\SokobanFX\bin;C:\Users\Sahar Mizrahi\.p2\pool\plugins\org.eclipse.fx.ide.css.jfx8_2.4.0.201605112122.jar;C:\Users\Sahar Mizrahi\git\Sokoban\SokobanFX\lib\antlr-2.7.7.jar;C:\Users\Sahar Mizrahi\git\Sokoban\SokobanFX\lib\classmate-1.3.0.jar;C:\Users\Sahar Mizrahi\git\Sokoban\SokobanFX\lib\dom4j-1.6.1.jar;C:\Users\Sahar Mizrahi\git\Sokoban\SokobanFX\lib\hibernate-commons-annotations-5.0.1.Final.jar;C:\Users\Sahar Mizrahi\git\Sokoban\SokobanFX\lib\hibernate-core-5.2.9.Final.jar;C:\Users\Sahar Mizrahi\git\Sokoban\SokobanFX\lib\hibernate-jpa-2.1-api-1.0.0.Final.jar;C:\Users\Sahar Mizrahi\git\Sokoban\SokobanFX\lib\jandex-2.0.3.Final.jar;C:\Users\Sahar Mizrahi\git\Sokoban\SokobanFX\lib\javassist-3.20.0-GA.jar;C:\Users\Sahar Mizrahi\git\Sokoban\SokobanFX\lib\jboss-logging-3.3.0.Final.jar;C:\Users\Sahar Mizrahi\git\Sokoban\SokobanFX\lib\jboss-transaction-api_1.2_spec-1.0.1.Final.jar;C:\Users\Sahar Mizrahi\git\Sokoban\SokobanFX\lib\sqljdbc42.jar
Launcher Type: SUN_STANDARD

Environment Variables:
PATH=C:/Program Files/Java/jre1.8.0_111/bin/server;C:/Program Files/Java/jre1.8.0_111/bin;C:/Program Files/Java/jre1.8.0_111/lib/amd64;C:\Program Files\Microsoft MPI\Bin\;C:\ProgramData\Oracle\Java\javapath;C:\Program Files (x86)\Intel\iCLS Client\;C:\Program Files\Intel\iCLS Client\;C:\Windows\system32;C:\Windows;C:\Windows\System32\Wbem;C:\Windows\System32\WindowsPowerShell\v1.0\;C:\Program Files (x86)\Intel\Intel(R) Management Engine Components\DAL;C:\Program Files\Intel\Intel(R) Management Engine Components\DAL;C:\Program Files (x86)\Intel\Intel(R) Management Engine Components\IPT;C:\Program Files\Intel\Intel(R) Management Engine Components\IPT;C:\Program Files\Intel\WiFi\bin\;C:\Program Files\Common Files\Intel\WirelessCommon\;C:\Program Files (x86)\Skype\Phone\;C:\Windows\system32\config\systemprofile\.dnx\bin;C:\Program Files\Microsoft DNX\Dnvm\;C:\Program Files (x86)\Windows Kits\8.1\Windows Performance Toolkit\;C:\Program Files (x86)\Microsoft SQL Server\130\Tools\Binn\;C:\Program Files\Microsoft SQL Server\130\Tools\Binn\;C:\Program Files (x86)\Microsoft SQL Server\130\DTS\Binn\;C:\Program Files\Microsoft SQL Server\130\DTS\Binn\;C:\Program Files\Microsoft SQL Server\Client SDK\ODBC\130\Tools\Binn\;C:\Program Files (x86)\Microsoft SQL Server\Client SDK\ODBC\130\Tools\Binn\;C:\Program Files (x86)\Microsoft SQL Server\130\Tools\Binn\ManagementStudio\;C:\Program Files\Microsoft SQL Server\120\Tools\Binn\;C:\Users\Sahar Mizrahi\AppData\Local\Microsoft\WindowsApps;;C:\Users\Sahar Mizrahi\Desktop;
USERNAME=Sahar Mizrahi
OS=Windows_NT
PROCESSOR_IDENTIFIER=Intel64 Family 6 Model 142 Stepping 9, GenuineIntel



---------------  S Y S T E M  ---------------

OS: Windows 10.0 , 64 bit Build 14393 (10.0.14393.1198)

CPU:total 4 (2 cores per cpu, 2 threads per core) family 6 model 142 stepping 9, cmov, cx8, fxsr, mmx, sse, sse2, sse3, ssse3, sse4.1, sse4.2, popcnt, avx, avx2, aes, clmul, erms, 3dnowpref, lzcnt, ht, tsc, tscinvbit, bmi1, bmi2, adx

Memory: 4k page, physical 8284800k(3931104k free), swap 11037312k(4249232k free)

vm_info: Java HotSpot(TM) 64-Bit Server VM (25.111-b14) for windows-amd64 JRE (1.8.0_111-b14), built on Sep 22 2016 19:24:05 by "java_re" with MS VC++ 10.0 (VS2010)

time: Thu Jun 08 10:33:03 2017
elapsed time: 149 seconds (0d 0h 2m 29s)

